<?xml version="1.0" encoding="UTF-8"?>
<testsuite name="TestJunit" tests="1" skipped="0" failures="0" errors="0" timestamp="2020-04-10T10:31:07" hostname="bruce" time="0.016">
  <properties/>
  <testcase name="xxx" classname="TestJunit" time="0.016"/>
  <system-out><![CDATA[aaa
bbb
ccc
]]></system-out>
  <system-err><![CDATA[]]></system-err>
</testsuite>
